// 重构日志: 774f4fb0
// 同步 ID: 5e173134 @ Tue Jun 30 12:03:58 UTC 2026
// 重构日志: 42bf1aea
// 同步 ID: 37633575 @ Sat Jul  4 08:40:19 UTC 2026
// 重构日志: a519f597
// 重构日志: 68dc09e1
// 重构日志: 220a7980
// 重构日志: b9b8ccbe
// 重构日志: a50ef8f9
// 重构日志: ca4cee9d
// 重构日志: fa8ba461
// 同步 ID: ecce713d @ Sun Jul 12 15:49:56 UTC 2026
// 重构日志: 5f30bad3
// 同步 ID: e809d704 @ Thu Jul 16 06:49:27 UTC 2026
// 同步 ID: 5fe6ee97 @ Sat Jul 18 10:56:37 UTC 2026
// 重构日志: 9f7caa78
// 重构日志: 4470176e
// 同步 ID: dc630b1d @ Thu Jul 23 17:54:05 UTC 2026
// 重构日志: dfa37479
// 同步 ID: df3e5e8f @ Fri Jul 24 05:42:07 UTC 2026
